# JRE version: Java(TM) SE Runtime Environment (8.0_25-b18) (build 1.8.0_25-b18)
# Java VM: Java HotSpot(TM) 64-Bit Server VM (25.25-b02 mixed mode windows-amd64 compressed oops)
Heap:
 PSYoungGen      total 104448K, used 38838K [0x00000000d5e00000, 0x00000000dd700000, 0x0000000100000000)
  eden space 95232K, 32% used [0x00000000d5e00000,0x00000000d7c099a0,0x00000000dbb00000)
  from space 9216K, 87% used [0x00000000dbb00000,0x00000000dc2e4070,0x00000000dc400000)
  to   space 10240K, 0% used [0x00000000dcd00000,0x00000000dcd00000,0x00000000dd700000)
 ParOldGen       total 312832K, used 209976K [0x0000000081a00000, 0x0000000094b80000, 0x00000000d5e00000)
  object space 312832K, 67% used [0x0000000081a00000,0x000000008e70e2d0,0x0000000094b80000)
 Metaspace       used 12880K, capacity 13108K, committed 13312K, reserved 1060864K
  class space    used 1411K, capacity 1516K, committed 1536K, reserved 1048576K
GC Heap History (10 events):
Event: 15.424 GC heap before
{Heap before GC invocations=7 (full 2):
 PSYoungGen      total 71168K, used 67390K [0x00000000d5e00000, 0x00000000db880000, 0x0000000100000000)
  eden space 66048K, 96% used [0x00000000d5e00000,0x00000000d9c6dcc8,0x00000000d9e80000)
  from space 5120K, 67% used [0x00000000d9e80000,0x00000000da1e1ef8,0x00000000da380000)
  to   space 6144K, 0% used [0x00000000db280000,0x00000000db280000,0x00000000db880000)
 ParOldGen       total 262656K, used 232457K [0x0000000081a00000, 0x0000000091a80000, 0x00000000d5e00000)
  object space 262656K, 88% used [0x0000000081a00000,0x000000008fd02448,0x0000000091a80000)
 Metaspace       used 11722K, capacity 11924K, committed 12288K, reserved 1060864K
  class space    used 1341K, capacity 1420K, committed 1536K, reserved 1048576K
Event: 15.467 GC heap after
Heap after GC invocations=7 (full 2):
 PSYoungGen      total 71168K, used 0K [0x00000000d5e00000, 0x00000000db880000, 0x0000000100000000)
  eden space 66048K, 0% used [0x00000000d5e00000,0x00000000d5e00000,0x00000000d9e80000)
  from space 5120K, 0% used [0x00000000d9e80000,0x00000000d9e80000,0x00000000da380000)
  to   space 6144K, 0% used [0x00000000db280000,0x00000000db280000,0x00000000db880000)
 ParOldGen       total 312832K, used 180518K [0x0000000081a00000, 0x0000000094b80000, 0x00000000d5e00000)
  object space 312832K, 57% used [0x0000000081a00000,0x000000008ca49a48,0x0000000094b80000)
 Metaspace       used 11722K, capacity 11924K, committed 12288K, reserved 1060864K
  class space    used 1341K, capacity 1420K, committed 1536K, reserved 1048576K
}
Event: 15.670 GC heap before
{Heap before GC invocations=8 (full 2):
 PSYoungGen      total 71168K, used 66048K [0x00000000d5e00000, 0x00000000db880000, 0x0000000100000000)
  eden space 66048K, 100% used [0x00000000d5e00000,0x00000000d9e80000,0x00000000d9e80000)
  from space 5120K, 0% used [0x00000000d9e80000,0x00000000d9e80000,0x00000000da380000)
  to   space 6144K, 0% used [0x00000000db280000,0x00000000db280000,0x00000000db880000)
 ParOldGen       total 312832K, used 180518K [0x0000000081a00000, 0x0000000094b80000, 0x00000000d5e00000)
  object space 312832K, 57% used [0x0000000081a00000,0x000000008ca49a48,0x0000000094b80000)
 Metaspace       used 11742K, capacity 11988K, committed 12288K, reserved 1060864K
  class space    used 1341K, capacity 1420K, committed 1536K, reserved 1048576K
Event: 15.673 GC heap after
Heap after GC invocations=8 (full 2):
 PSYoungGen      total 85504K, used 5536K [0x00000000d5e00000, 0x00000000dbf00000, 0x0000000100000000)
  eden space 79360K, 0% used [0x00000000d5e00000,0x00000000d5e00000,0x00000000dab80000)
  from space 6144K, 90% used [0x00000000db280000,0x00000000db7e8050,0x00000000db880000)
  to   space 7168K, 0% used [0x00000000dab80000,0x00000000dab80000,0x00000000db280000)
 ParOldGen       total 312832K, used 186822K [0x0000000081a00000, 0x0000000094b80000, 0x00000000d5e00000)
  object space 312832K, 59% used [0x0000000081a00000,0x000000008d071a80,0x0000000094b80000)
 Metaspace       used 11742K, capacity 11988K, committed 12288K, reserved 1060864K
  class space    used 1341K, capacity 1420K, committed 1536K, reserved 1048576K
}
Event: 33.565 GC heap before
{Heap before GC invocations=9 (full 2):
 PSYoungGen      total 85504K, used 84896K [0x00000000d5e00000, 0x00000000dbf00000, 0x0000000100000000)
  eden space 79360K, 100% used [0x00000000d5e00000,0x00000000dab80000,0x00000000dab80000)
  from space 6144K, 90% used [0x00000000db280000,0x00000000db7e8050,0x00000000db880000)
  to   space 7168K, 0% used [0x00000000dab80000,0x00000000dab80000,0x00000000db280000)
 ParOldGen       total 312832K, used 186822K [0x0000000081a00000, 0x0000000094b80000, 0x00000000d5e00000)
  object space 312832K, 59% used [0x0000000081a00000,0x000000008d071a80,0x0000000094b80000)
 Metaspace       used 12783K, capacity 12916K, committed 13056K, reserved 1060864K
  class space    used 1406K, capacity 1452K, committed 1536K, reserved 1048576K
Event: 33.569 GC heap after
Heap after GC invocations=9 (full 2):
 PSYoungGen      total 86528K, used 6944K [0x00000000d5e00000, 0x00000000dce80000, 0x0000000100000000)
  eden space 79360K, 0% used [0x00000000d5e00000,0x00000000d5e00000,0x00000000dab80000)
  from space 7168K, 96% used [0x00000000dab80000,0x00000000db248050,0x00000000db280000)
  to   space 8704K, 0% used [0x00000000dc600000,0x00000000dc600000,0x00000000dce80000)
 ParOldGen       total 312832K, used 189710K [0x0000000081a00000, 0x0000000094b80000, 0x00000000d5e00000)
  object space 312832K, 60% used [0x0000000081a00000,0x000000008d343aa0,0x0000000094b80000)
 Metaspace       used 12783K, capacity 12916K, committed 13056K, reserved 1060864K
  class space    used 1406K, capacity 1452K, committed 1536K, reserved 1048576K
}
Event: 43.591 GC heap before
{Heap before GC invocations=10 (full 2):
 PSYoungGen      total 86528K, used 86304K [0x00000000d5e00000, 0x00000000dce80000, 0x0000000100000000)
  eden space 79360K, 100% used [0x00000000d5e00000,0x00000000dab80000,0x00000000dab80000)
  from space 7168K, 96% used [0x00000000dab80000,0x00000000db248050,0x00000000db280000)
  to   space 8704K, 0% used [0x00000000dc600000,0x00000000dc600000,0x00000000dce80000)
 ParOldGen       total 312832K, used 189710K [0x0000000081a00000, 0x0000000094b80000, 0x00000000d5e00000)
  object space 312832K, 60% used [0x0000000081a00000,0x000000008d343aa0,0x0000000094b80000)
 Metaspace       used 12819K, capacity 13044K, committed 13312K, reserved 1060864K
  class space    used 1406K, capacity 1452K, committed 1536K, reserved 1048576K
Event: 43.596 GC heap after
Heap after GC invocations=10 (full 2):
 PSYoungGen      total 101376K, used 6960K [0x00000000d5e00000, 0x00000000dcd00000, 0x0000000100000000)
  eden space 94208K, 0% used [0x00000000d5e00000,0x00000000d5e00000,0x00000000dba00000)
  from space 7168K, 97% used [0x00000000dc600000,0x00000000dcccc060,0x00000000dcd00000)
  to   space 9216K, 0% used [0x00000000dbb00000,0x00000000dbb00000,0x00000000dc400000)
 ParOldGen       total 312832K, used 189718K [0x0000000081a00000, 0x0000000094b80000, 0x00000000d5e00000)
  object space 312832K, 60% used [0x0000000081a00000,0x000000008d345aa0,0x0000000094b80000)
 Metaspace       used 12819K, capacity 13044K, committed 13312K, reserved 1060864K
  class space    used 1406K, capacity 1452K, committed 1536K, reserved 1048576K
}
Event: 49.527 GC heap before
{Heap before GC invocations=11 (full 2):
 PSYoungGen      total 101376K, used 101168K [0x00000000d5e00000, 0x00000000dcd00000, 0x0000000100000000)
  eden space 94208K, 100% used [0x00000000d5e00000,0x00000000dba00000,0x00000000dba00000)
  from space 7168K, 97% used [0x00000000dc600000,0x00000000dcccc060,0x00000000dcd00000)
  to   space 9216K, 0% used [0x00000000dbb00000,0x00000000dbb00000,0x00000000dc400000)
 ParOldGen       total 312832K, used 189718K [0x0000000081a00000, 0x0000000094b80000, 0x00000000d5e00000)
  object space 312832K, 60% used [0x0000000081a00000,0x000000008d345aa0,0x0000000094b80000)
 Metaspace       used 12843K, capacity 13076K, committed 13312K, reserved 1060864K
  class space    used 1406K, capacity 1484K, committed 1536K, reserved 1048576K
Event: 49.532 GC heap after
Heap after GC invocations=11 (full 2):
 PSYoungGen      total 104448K, used 8080K [0x00000000d5e00000, 0x00000000dd700000, 0x0000000100000000)
  eden space 95232K, 0% used [0x00000000d5e00000,0x00000000d5e00000,0x00000000dbb00000)
  from space 9216K, 87% used [0x00000000dbb00000,0x00000000dc2e4070,0x00000000dc400000)
  to   space 10240K, 0% used [0x00000000dcd00000,0x00000000dcd00000,0x00000000dd700000)
 ParOldGen       total 312832K, used 209976K [0x0000000081a00000, 0x0000000094b80000, 0x00000000d5e00000)
  object space 312832K, 67% used [0x0000000081a00000,0x000000008e70e2d0,0x0000000094b80000)
 Metaspace       used 12843K, capacity 13076K, committed 13312K, reserved 1060864K
  class space    used 1406K, capacity 1484K, committed 1536K, reserved 1048576K
}

