# JRE version: Java(TM) SE Runtime Environment (8.0_25-b18) (build 1.8.0_25-b18)
# Java VM: Java HotSpot(TM) 64-Bit Server VM (25.25-b02 mixed mode windows-amd64 compressed oops)
Heap:
 PSYoungGen      total 61952K, used 60617K [0x00000000d5e00000, 0x00000000da480000, 0x0000000100000000)
  eden space 56832K, 98% used [0x00000000d5e00000,0x00000000d94727b0,0x00000000d9580000)
  from space 5120K, 95% used [0x00000000d9e80000,0x00000000da340030,0x00000000da380000)
  to   space 1024K, 0% used [0x00000000da380000,0x00000000da380000,0x00000000da480000)
 ParOldGen       total 189440K, used 154676K [0x0000000081a00000, 0x000000008d300000, 0x00000000d5e00000)
  object space 189440K, 81% used [0x0000000081a00000,0x000000008b10d1f8,0x000000008d300000)
 Metaspace       used 11442K, capacity 11660K, committed 12032K, reserved 1060864K
  class space    used 1351K, capacity 1420K, committed 1536K, reserved 1048576K
GC Heap History (8 events):
Event: 0.449 GC heap before
{Heap before GC invocations=1 (full 0):
 PSYoungGen      total 38400K, used 30851K [0x00000000d5e00000, 0x00000000d8880000, 0x0000000100000000)
  eden space 33280K, 92% used [0x00000000d5e00000,0x00000000d7c20ce0,0x00000000d7e80000)
  from space 5120K, 0% used [0x00000000d8380000,0x00000000d8380000,0x00000000d8880000)
  to   space 5120K, 0% used [0x00000000d7e80000,0x00000000d7e80000,0x00000000d8380000)
 ParOldGen       total 87552K, used 0K [0x0000000081a00000, 0x0000000086f80000, 0x00000000d5e00000)
  object space 87552K, 0% used [0x0000000081a00000,0x0000000081a00000,0x0000000086f80000)
 Metaspace       used 9923K, capacity 10158K, committed 10240K, reserved 1058816K
  class space    used 1188K, capacity 1261K, committed 1280K, reserved 1048576K
Event: 0.460 GC heap after
Heap after GC invocations=1 (full 0):
 PSYoungGen      total 38400K, used 1904K [0x00000000d5e00000, 0x00000000da900000, 0x0000000100000000)
  eden space 33280K, 0% used [0x00000000d5e00000,0x00000000d5e00000,0x00000000d7e80000)
  from space 5120K, 37% used [0x00000000d7e80000,0x00000000d805c1b8,0x00000000d8380000)
  to   space 5120K, 0% used [0x00000000da400000,0x00000000da400000,0x00000000da900000)
 ParOldGen       total 87552K, used 44558K [0x0000000081a00000, 0x0000000086f80000, 0x00000000d5e00000)
  object space 87552K, 50% used [0x0000000081a00000,0x0000000084583860,0x0000000086f80000)
 Metaspace       used 9923K, capacity 10158K, committed 10240K, reserved 1058816K
  class space    used 1188K, capacity 1261K, committed 1280K, reserved 1048576K
}
Event: 0.460 GC heap before
{Heap before GC invocations=2 (full 1):
 PSYoungGen      total 38400K, used 1904K [0x00000000d5e00000, 0x00000000da900000, 0x0000000100000000)
  eden space 33280K, 0% used [0x00000000d5e00000,0x00000000d5e00000,0x00000000d7e80000)
  from space 5120K, 37% used [0x00000000d7e80000,0x00000000d805c1b8,0x00000000d8380000)
  to   space 5120K, 0% used [0x00000000da400000,0x00000000da400000,0x00000000da900000)
 ParOldGen       total 87552K, used 44558K [0x0000000081a00000, 0x0000000086f80000, 0x00000000d5e00000)
  object space 87552K, 50% used [0x0000000081a00000,0x0000000084583860,0x0000000086f80000)
 Metaspace       used 9923K, capacity 10158K, committed 10240K, reserved 1058816K
  class space    used 1188K, capacity 1261K, committed 1280K, reserved 1048576K
Event: 0.476 GC heap after
Heap after GC invocations=2 (full 1):
 PSYoungGen      total 38400K, used 0K [0x00000000d5e00000, 0x00000000da900000, 0x0000000100000000)
  eden space 33280K, 0% used [0x00000000d5e00000,0x00000000d5e00000,0x00000000d7e80000)
  from space 5120K, 0% used [0x00000000d7e80000,0x00000000d7e80000,0x00000000d8380000)
  to   space 5120K, 0% used [0x00000000da400000,0x00000000da400000,0x00000000da900000)
 ParOldGen       total 115200K, used 16580K [0x0000000081a00000, 0x0000000088a80000, 0x00000000d5e00000)
  object space 115200K, 14% used [0x0000000081a00000,0x0000000082a31168,0x0000000088a80000)
 Metaspace       used 9922K, capacity 10156K, committed 10240K, reserved 1058816K
  class space    used 1187K, capacity 1260K, committed 1280K, reserved 1048576K
}
Event: 0.957 GC heap before
{Heap before GC invocations=3 (full 1):
 PSYoungGen      total 38400K, used 32927K [0x00000000d5e00000, 0x00000000da900000, 0x0000000100000000)
  eden space 33280K, 98% used [0x00000000d5e00000,0x00000000d7e27f40,0x00000000d7e80000)
  from space 5120K, 0% used [0x00000000d7e80000,0x00000000d7e80000,0x00000000d8380000)
  to   space 5120K, 0% used [0x00000000da400000,0x00000000da400000,0x00000000da900000)
 ParOldGen       total 115200K, used 16580K [0x0000000081a00000, 0x0000000088a80000, 0x00000000d5e00000)
  object space 115200K, 14% used [0x0000000081a00000,0x0000000082a31168,0x0000000088a80000)
 Metaspace       used 10642K, capacity 10828K, committed 11136K, reserved 1058816K
  class space    used 1273K, capacity 1356K, committed 1408K, reserved 1048576K
Event: 0.961 GC heap after
Heap after GC invocations=3 (full 1):
 PSYoungGen      total 48128K, used 4520K [0x00000000d5e00000, 0x00000000da880000, 0x0000000100000000)
  eden space 43520K, 0% used [0x00000000d5e00000,0x00000000d5e00000,0x00000000d8880000)
  from space 4608K, 98% used [0x00000000da400000,0x00000000da86a368,0x00000000da880000)
  to   space 5120K, 0% used [0x00000000d9e80000,0x00000000d9e80000,0x00000000da380000)
 ParOldGen       total 115200K, used 26860K [0x0000000081a00000, 0x0000000088a80000, 0x00000000d5e00000)
  object space 115200K, 23% used [0x0000000081a00000,0x000000008343b198,0x0000000088a80000)
 Metaspace       used 10642K, capacity 10828K, committed 11136K, reserved 1058816K
  class space    used 1273K, capacity 1356K, committed 1408K, reserved 1048576K
}
Event: 1.283 GC heap before
{Heap before GC invocations=4 (full 1):
 PSYoungGen      total 48128K, used 40992K [0x00000000d5e00000, 0x00000000da880000, 0x0000000100000000)
  eden space 43520K, 83% used [0x00000000d5e00000,0x00000000d819dde8,0x00000000d8880000)
  from space 4608K, 98% used [0x00000000da400000,0x00000000da86a368,0x00000000da880000)
  to   space 5120K, 0% used [0x00000000d9e80000,0x00000000d9e80000,0x00000000da380000)
 ParOldGen       total 115200K, used 26860K [0x0000000081a00000, 0x0000000088a80000, 0x00000000d5e00000)
  object space 115200K, 23% used [0x0000000081a00000,0x000000008343b198,0x0000000088a80000)
 Metaspace       used 10646K, capacity 10828K, committed 11136K, reserved 1058816K
  class space    used 1273K, capacity 1356K, committed 1408K, reserved 1048576K
Event: 1.288 GC heap after
Heap after GC invocations=4 (full 1):
 PSYoungGen      total 61952K, used 4864K [0x00000000d5e00000, 0x00000000da480000, 0x0000000100000000)
  eden space 56832K, 0% used [0x00000000d5e00000,0x00000000d5e00000,0x00000000d9580000)
  from space 5120K, 95% used [0x00000000d9e80000,0x00000000da340030,0x00000000da380000)
  to   space 1024K, 0% used [0x00000000da380000,0x00000000da380000,0x00000000da480000)
 ParOldGen       total 115200K, used 44084K [0x0000000081a00000, 0x0000000088a80000, 0x00000000d5e00000)
  object space 115200K, 38% used [0x0000000081a00000,0x000000008450d1d8,0x0000000088a80000)
 Metaspace       used 10646K, capacity 10828K, committed 11136K, reserved 1058816K
  class space    used 1273K, capacity 1356K, committed 1408K, reserved 1048576K
}

