# JRE version: Java(TM) SE Runtime Environment (8.0_25-b18) (build 1.8.0_25-b18)
# Java VM: Java HotSpot(TM) 64-Bit Server VM (25.25-b02 mixed mode windows-amd64 compressed oops)
Heap:
 PSYoungGen      total 121344K, used 43987K [0x00000000d5e00000, 0x00000000dd780000, 0x0000000100000000)
  eden space 119296K, 36% used [0x00000000d5e00000,0x00000000d88b4f48,0x00000000dd280000)
  from space 2048K, 12% used [0x00000000dd580000,0x00000000dd5c0000,0x00000000dd780000)
  to   space 2560K, 0% used [0x00000000dd280000,0x00000000dd280000,0x00000000dd500000)
 ParOldGen       total 314880K, used 201780K [0x0000000081a00000, 0x0000000094d80000, 0x00000000d5e00000)
  object space 314880K, 64% used [0x0000000081a00000,0x000000008df0d088,0x0000000094d80000)
 Metaspace       used 13180K, capacity 13402K, committed 13568K, reserved 1060864K
  class space    used 1428K, capacity 1485K, committed 1536K, reserved 1048576K
GC Heap History (10 events):
Event: 252.074 GC heap before
{Heap before GC invocations=56 (full 2):
 PSYoungGen      total 120320K, used 116480K [0x00000000d5e00000, 0x00000000dd780000, 0x0000000100000000)
  eden space 116224K, 100% used [0x00000000d5e00000,0x00000000dcf80000,0x00000000dcf80000)
  from space 4096K, 6% used [0x00000000dcf80000,0x00000000dcfc0000,0x00000000dd380000)
  to   space 3584K, 0% used [0x00000000dd400000,0x00000000dd400000,0x00000000dd780000)
 ParOldGen       total 314880K, used 201668K [0x0000000081a00000, 0x0000000094d80000, 0x00000000d5e00000)
  object space 314880K, 64% used [0x0000000081a00000,0x000000008def1040,0x0000000094d80000)
 Metaspace       used 13100K, capacity 13274K, committed 13568K, reserved 1060864K
  class space    used 1424K, capacity 1485K, committed 1536K, reserved 1048576K
Event: 252.075 GC heap after
Heap after GC invocations=56 (full 2):
 PSYoungGen      total 120832K, used 256K [0x00000000d5e00000, 0x00000000dd780000, 0x0000000100000000)
  eden space 117248K, 0% used [0x00000000d5e00000,0x00000000d5e00000,0x00000000dd080000)
  from space 3584K, 7% used [0x00000000dd400000,0x00000000dd440000,0x00000000dd780000)
  to   space 3584K, 0% used [0x00000000dd080000,0x00000000dd080000,0x00000000dd400000)
 ParOldGen       total 314880K, used 201708K [0x0000000081a00000, 0x0000000094d80000, 0x00000000d5e00000)
  object space 314880K, 64% used [0x0000000081a00000,0x000000008defb040,0x0000000094d80000)
 Metaspace       used 13100K, capacity 13274K, committed 13568K, reserved 1060864K
  class space    used 1424K, capacity 1485K, committed 1536K, reserved 1048576K
}
Event: 255.045 GC heap before
{Heap before GC invocations=57 (full 2):
 PSYoungGen      total 120832K, used 117504K [0x00000000d5e00000, 0x00000000dd780000, 0x0000000100000000)
  eden space 117248K, 100% used [0x00000000d5e00000,0x00000000dd080000,0x00000000dd080000)
  from space 3584K, 7% used [0x00000000dd400000,0x00000000dd440000,0x00000000dd780000)
  to   space 3584K, 0% used [0x00000000dd080000,0x00000000dd080000,0x00000000dd400000)
 ParOldGen       total 314880K, used 201708K [0x0000000081a00000, 0x0000000094d80000, 0x00000000d5e00000)
  object space 314880K, 64% used [0x0000000081a00000,0x000000008defb040,0x0000000094d80000)
 Metaspace       used 13100K, capacity 13274K, committed 13568K, reserved 1060864K
  class space    used 1424K, capacity 1485K, committed 1536K, reserved 1048576K
Event: 255.047 GC heap after
Heap after GC invocations=57 (full 2):
 PSYoungGen      total 120832K, used 256K [0x00000000d5e00000, 0x00000000dd780000, 0x0000000100000000)
  eden space 117248K, 0% used [0x00000000d5e00000,0x00000000d5e00000,0x00000000dd080000)
  from space 3584K, 7% used [0x00000000dd080000,0x00000000dd0c0000,0x00000000dd400000)
  to   space 3072K, 0% used [0x00000000dd480000,0x00000000dd480000,0x00000000dd780000)
 ParOldGen       total 314880K, used 201732K [0x0000000081a00000, 0x0000000094d80000, 0x00000000d5e00000)
  object space 314880K, 64% used [0x0000000081a00000,0x000000008df01040,0x0000000094d80000)
 Metaspace       used 13100K, capacity 13274K, committed 13568K, reserved 1060864K
  class space    used 1424K, capacity 1485K, committed 1536K, reserved 1048576K
}
Event: 258.001 GC heap before
{Heap before GC invocations=58 (full 2):
 PSYoungGen      total 120832K, used 117504K [0x00000000d5e00000, 0x00000000dd780000, 0x0000000100000000)
  eden space 117248K, 100% used [0x00000000d5e00000,0x00000000dd080000,0x00000000dd080000)
  from space 3584K, 7% used [0x00000000dd080000,0x00000000dd0c0000,0x00000000dd400000)
  to   space 3072K, 0% used [0x00000000dd480000,0x00000000dd480000,0x00000000dd780000)
 ParOldGen       total 314880K, used 201732K [0x0000000081a00000, 0x0000000094d80000, 0x00000000d5e00000)
  object space 314880K, 64% used [0x0000000081a00000,0x000000008df01040,0x0000000094d80000)
 Metaspace       used 13100K, capacity 13274K, committed 13568K, reserved 1060864K
  class space    used 1424K, capacity 1485K, committed 1536K, reserved 1048576K
Event: 258.002 GC heap after
Heap after GC invocations=58 (full 2):
 PSYoungGen      total 121344K, used 224K [0x00000000d5e00000, 0x00000000dd780000, 0x0000000100000000)
  eden space 118272K, 0% used [0x00000000d5e00000,0x00000000d5e00000,0x00000000dd180000)
  from space 3072K, 7% used [0x00000000dd480000,0x00000000dd4b8000,0x00000000dd780000)
  to   space 3072K, 0% used [0x00000000dd180000,0x00000000dd180000,0x00000000dd480000)
 ParOldGen       total 314880K, used 201748K [0x0000000081a00000, 0x0000000094d80000, 0x00000000d5e00000)
  object space 314880K, 64% used [0x0000000081a00000,0x000000008df05040,0x0000000094d80000)
 Metaspace       used 13100K, capacity 13274K, committed 13568K, reserved 1060864K
  class space    used 1424K, capacity 1485K, committed 1536K, reserved 1048576K
}
Event: 261.024 GC heap before
{Heap before GC invocations=59 (full 2):
 PSYoungGen      total 121344K, used 118496K [0x00000000d5e00000, 0x00000000dd780000, 0x0000000100000000)
  eden space 118272K, 100% used [0x00000000d5e00000,0x00000000dd180000,0x00000000dd180000)
  from space 3072K, 7% used [0x00000000dd480000,0x00000000dd4b8000,0x00000000dd780000)
  to   space 3072K, 0% used [0x00000000dd180000,0x00000000dd180000,0x00000000dd480000)
 ParOldGen       total 314880K, used 201748K [0x0000000081a00000, 0x0000000094d80000, 0x00000000d5e00000)
  object space 314880K, 64% used [0x0000000081a00000,0x000000008df05040,0x0000000094d80000)
 Metaspace       used 13104K, capacity 13338K, committed 13568K, reserved 1060864K
  class space    used 1424K, capacity 1485K, committed 1536K, reserved 1048576K
Event: 261.026 GC heap after
Heap after GC invocations=59 (full 2):
 PSYoungGen      total 121344K, used 256K [0x00000000d5e00000, 0x00000000dd880000, 0x0000000100000000)
  eden space 118272K, 0% used [0x00000000d5e00000,0x00000000d5e00000,0x00000000dd180000)
  from space 3072K, 8% used [0x00000000dd180000,0x00000000dd1c0000,0x00000000dd480000)
  to   space 3072K, 0% used [0x00000000dd580000,0x00000000dd580000,0x00000000dd880000)
 ParOldGen       total 314880K, used 201764K [0x0000000081a00000, 0x0000000094d80000, 0x00000000d5e00000)
  object space 314880K, 64% used [0x0000000081a00000,0x000000008df09040,0x0000000094d80000)
 Metaspace       used 13104K, capacity 13338K, committed 13568K, reserved 1060864K
  class space    used 1424K, capacity 1485K, committed 1536K, reserved 1048576K
}
Event: 263.889 GC heap before
{Heap before GC invocations=60 (full 2):
 PSYoungGen      total 121344K, used 118528K [0x00000000d5e00000, 0x00000000dd880000, 0x0000000100000000)
  eden space 118272K, 100% used [0x00000000d5e00000,0x00000000dd180000,0x00000000dd180000)
  from space 3072K, 8% used [0x00000000dd180000,0x00000000dd1c0000,0x00000000dd480000)
  to   space 3072K, 0% used [0x00000000dd580000,0x00000000dd580000,0x00000000dd880000)
 ParOldGen       total 314880K, used 201764K [0x0000000081a00000, 0x0000000094d80000, 0x00000000d5e00000)
  object space 314880K, 64% used [0x0000000081a00000,0x000000008df09088,0x0000000094d80000)
 Metaspace       used 13155K, capacity 13338K, committed 13568K, reserved 1060864K
  class space    used 1424K, capacity 1485K, committed 1536K, reserved 1048576K
Event: 263.890 GC heap after
Heap after GC invocations=60 (full 2):
 PSYoungGen      total 121344K, used 256K [0x00000000d5e00000, 0x00000000dd780000, 0x0000000100000000)
  eden space 119296K, 0% used [0x00000000d5e00000,0x00000000d5e00000,0x00000000dd280000)
  from space 2048K, 12% used [0x00000000dd580000,0x00000000dd5c0000,0x00000000dd780000)
  to   space 2560K, 0% used [0x00000000dd280000,0x00000000dd280000,0x00000000dd500000)
 ParOldGen       total 314880K, used 201780K [0x0000000081a00000, 0x0000000094d80000, 0x00000000d5e00000)
  object space 314880K, 64% used [0x0000000081a00000,0x000000008df0d088,0x0000000094d80000)
 Metaspace       used 13155K, capacity 13338K, committed 13568K, reserved 1060864K
  class space    used 1424K, capacity 1485K, committed 1536K, reserved 1048576K
}

